building_id, mean_temp, std_temp, pct_above_18, pct_below_15
10000, 14.01233878811275, 6.367431059312565, 30.941014791508444, 55.542295034537624
10009, 11.000135812436373, 5.811144379826625, 16.6712734948236, 74.9723590310584
10014, 14.744169941950119, 7.037733284673848, 38.26367541377415, 52.80837116508215
10019, 14.735524480624482, 7.030325006703675, 38.14915412864569, 52.92926826787113
10029, 10.616037322820358, 6.317331938274926, 18.25563221896085, 74.51301795448481
10031, 12.507072852890545, 6.278432089100354, 24.044722033998173, 66.39513301711693
10051, 13.289039951277402, 5.999085063388632, 25.97693550756574, 62.859923608050536
10053, 11.366493551285709, 6.26121798185875, 19.9510754583921, 72.41052538787024
10056, 14.220114507861702, 6.179461157398302, 31.763454814173965, 57.06174975667784
10064, 12.71696893739585, 6.964227784263683, 28.79137124461432, 62.75688345539249

------------------------------------------------------------
Sender: LSF System <lsfadmin@hpc.dtu.dk>
Subject: Job 24467962: <02timing> in cluster <dcc> Done

Job <02timing> was submitted from host <n-62-27-20> by user <s214659> in cluster <dcc> at Wed Mar 19 13:16:40 2025
Job was executed on host(s) <16*n-62-11-55>, in queue <hpc>, as user <s214659> in cluster <dcc> at Wed Mar 19 13:16:41 2025
</zhome/51/7/168082> was used as the home directory.
</zhome/51/7/168082/Desktop/s214659/02613_hpc/Project02613> was used as the working directory.
Started at Wed Mar 19 13:16:41 2025
Terminated at Wed Mar 19 13:18:01 2025
Results reported at Wed Mar 19 13:18:01 2025

Your job looked like:

------------------------------------------------------------
# LSBATCH: User input
#!/bin/bash
#BSUB -J 02timing
#BSUB -q hpc
#BSUB -u s214659@dtu.dk
#BSUB -W 15
#BSUB -R rusage[mem=16GB]
#BSUB -n 16
#BSUB -R "span[hosts=1]"
#BSUB -R "select[model == XeonGold6226R]"
#BSUB -o hpc_files/02timing%J.out
#BSUB -e hpc_files/02timing%J.err

source /dtu/projects/02613_2024/conda/conda_init.sh
conda activate 02613

time python simulate.py 10
------------------------------------------------------------

Successfully completed.

Resource usage summary:

    CPU time :                                   79.09 sec.
    Max Memory :                                 67 MB
    Average Memory :                             67.00 MB
    Total Requested Memory :                     262144.00 MB
    Delta Memory :                               262077.00 MB
    Max Swap :                                   -
    Max Processes :                              4
    Max Threads :                                5
    Run time :                                   156 sec.
    Turnaround time :                            81 sec.

The output (if any) is above this job summary.



PS:

Read file <hpc_files/02timing24467962.err> for stderr output of this job.

