Jacobi iterations took 33.72 seconds
building_id, mean_temp, std_temp, pct_above_18, pct_below_15
14201, 12.204411909534159, 7.227117354145269, 27.738047126214617, 65.38103354360317
41396, 14.152693113250765, 7.266989102897569, 37.36292163897918, 53.92704900516259
8408, 17.20354305614986, 6.6011093916077765, 54.89125361710072, 35.75095678148044
25218, 11.097402368951379, 6.4822423800003195, 20.720353718515575, 72.04530776491629
5032, 14.303498737951722, 7.250196582523986, 37.764262959745146, 54.136499662129545
49147, 14.378647085290623, 7.0647159343631705, 37.520058661622336, 53.03563268472566
10841, 15.928256950390981, 7.423938880540721, 46.818089401376746, 45.365825321676496
8678, 13.428023274917969, 6.983249371448595, 32.11443859497713, 59.2482955035816
48867, 10.215491685294465, 6.737547059634591, 18.244882228922492, 76.43444945705153
47841, 16.845048909934825, 6.645648183750574, 51.461038961038966, 38.03280053280053

------------------------------------------------------------
Sender: LSF System <lsfadmin@hpc.dtu.dk>
Subject: Job 24621468: <07timing> in cluster <dcc> Done

Job <07timing> was submitted from host <n-62-27-20> by user <s204112> in cluster <dcc> at Wed Apr  9 14:01:57 2025
Job was executed on host(s) <16*n-62-11-50>, in queue <hpc>, as user <s204112> in cluster <dcc> at Wed Apr  9 14:07:35 2025
</zhome/ad/e/155352> was used as the home directory.
</zhome/ad/e/155352/Documents/Project02613> was used as the working directory.
Started at Wed Apr  9 14:07:35 2025
Terminated at Wed Apr  9 14:08:13 2025
Results reported at Wed Apr  9 14:08:13 2025

Your job looked like:

------------------------------------------------------------
# LSBATCH: User input
#!/bin/bash
#BSUB -J 07timing
#BSUB -q hpc
#BSUB -W 3
#BSUB -R rusage[mem=16GB]
#BSUB -n 16
#BSUB -R "span[hosts=1]"
#BSUB -R "select[model == XeonGold6226R]"
#BSUB -o hpc_files/07timing%J.out
#BSUB -e hpc_files/07timing%J.err

source /dtu/projects/02613_2024/conda/conda_init.sh
conda activate 02613

time python Ex07numbaJacobi.py 10
------------------------------------------------------------

Successfully completed.

Resource usage summary:

    CPU time :                                   36.54 sec.
    Max Memory :                                 128 MB
    Average Memory :                             97.00 MB
    Total Requested Memory :                     262144.00 MB
    Delta Memory :                               262016.00 MB
    Max Swap :                                   -
    Max Processes :                              4
    Max Threads :                                5
    Run time :                                   39 sec.
    Turnaround time :                            376 sec.

The output (if any) is above this job summary.



PS:

Read file <hpc_files/07timing24621468.err> for stderr output of this job.

