3802.7919335365295
Average mean temperature:
14.673100081512846
Average standard deviation of temperature:
6.805684504287389
Number of buildings with at least 50%% area above 18C:
793
Number of buildings with at least 50%% area below 15C:
2484

------------------------------------------------------------
Sender: LSF System <lsfadmin@hpc.dtu.dk>
Subject: Job 24817861: <08_5cudaBig> in cluster <dcc> Done

Job <08_5cudaBig> was submitted from host <n-62-27-21> by user <s214656> in cluster <dcc> at Sun Apr 27 20:14:59 2025
Job was executed on host(s) <16*n-62-20-14>, in queue <gpuv100>, as user <s214656> in cluster <dcc> at Sun Apr 27 20:14:59 2025
</zhome/a7/4/167826> was used as the home directory.
</zhome/a7/4/167826/Documents/pythonHPC/project/Project02613> was used as the working directory.
Started at Sun Apr 27 20:14:59 2025
Terminated at Sun Apr 27 21:18:44 2025
Results reported at Sun Apr 27 21:18:44 2025

Your job looked like:

------------------------------------------------------------
# LSBATCH: User input
#!/bin/bash
#BSUB -J 08_5cudaBig
#BSUB -q gpuv100
#BSUB -W 02:00
#BSUB -R rusage[mem=8GB]
#BSUB -gpu "num=1:mode=exclusive_process"
#BSUB -n 16
#BSUB -R "span[hosts=1]"
#BSUB -R "select[gpu32gb]"
#BSUB -u s214656@dtu.dk
#BSUB -o hpc_files/08_5cudaBig%J.out
#BSUB -e hpc_files/08_5cudaBig%J.err

source /dtu/projects/02613_2024/conda/conda_init.sh
conda activate 02613

time python 08_5cuda.py 4571

------------------------------------------------------------

Successfully completed.

Resource usage summary:

    CPU time :                                   3823.40 sec.
    Max Memory :                                 19535 MB
    Average Memory :                             15074.24 MB
    Total Requested Memory :                     131072.00 MB
    Delta Memory :                               111537.00 MB
    Max Swap :                                   -
    Max Processes :                              4
    Max Threads :                                7
    Run time :                                   3825 sec.
    Turnaround time :                            3825 sec.

The output (if any) is above this job summary.



PS:

Read file <hpc_files/08_5cudaBig24817861.err> for stderr output of this job.

